20:41:30 **** Incremental Build of configuration Debug for project DisplacementMapper ****
make all 
Building file: ../main.cpp
Invoking: Cross G++ Compiler
g++ -I/usr/local/include/opencv -O0 -g3 -Wall -c -fmessage-length=0 -MMD -MP -MF"main.d" -MT"main.d" -o "main.o" "../main.cpp"
../main.cpp: In function ‘void extractAnchorPoint(cv::Mat, cv::String)’:
../main.cpp:314:70: warning: suggest parentheses around comparison in operand of ‘&’ [-Wparentheses]
     else if ((anchorPointPosition=="start") & (anchorFound1 == true) & numberOfAnchors > 1){
                                                                      ^
../main.cpp:325:68: warning: suggest parentheses around comparison in operand of ‘&’ [-Wparentheses]
     else if ((anchorPointPosition=="end") & (anchorFound1 == true) & numberOfAnchors > 1) {
                                                                    ^
../main.cpp: In function ‘void calculateWeightChange(cv::String, bool, double, double, double, double, double, double)’:
../main.cpp:397:9: warning: unused variable ‘yTexScalingFactor’ [-Wunused-variable]
  double yTexScalingFactor = 2.62649350649;//-2.1484375;
         ^
../main.cpp:402:9: warning: unused variable ‘newTexY’ [-Wunused-variable]
  double newTexY;
         ^
../main.cpp: In function ‘void applyDispMap(double, double, double)’:
../main.cpp:466:8: warning: suggest parentheses around comparison in operand of ‘&’ [-Wparentheses]
  if (y > 0 & y < maxYSize-borderToCrop) {
        ^
../main.cpp:448:9: warning: unused variable ‘range’ [-Wunused-variable]
  double range = 20;
         ^
../main.cpp: In function ‘void createMeshOfRect()’:
../main.cpp:547:30: warning: suggest parentheses around comparison in operand of ‘&’ [-Wparentheses]
    if ((x < maxYSize/2) | (x < (maxYSize/2+(maxXSize-maxYSize)) & x > (maxXSize-maxYSize))) {
                              ^
../main.cpp:558:16: warning: suggest parentheses around comparison in operand of ‘&’ [-Wparentheses]
    else if ((x >= maxYSize/2 & x < maxYSize) | (x > (maxYSize/2+(maxXSize-maxYSize)) & x < (maxXSize))) {
                ^
../main.cpp:558:51: warning: suggest parentheses around comparison in operand of ‘&’ [-Wparentheses]
    else if ((x >= maxYSize/2 & x < maxYSize) | (x > (maxYSize/2+(maxXSize-maxYSize)) & x < (maxXSize))) {
                                                   ^
../main.cpp:569:15: warning: suggest parentheses around comparison in operand of ‘&’ [-Wparentheses]
    else if (x > (maxYSize) & x < (maxXSize-maxYSize)) {
               ^
../main.cpp: In function ‘void loadSimParameters(cv::String)’:
../main.cpp:726:10: warning: unused variable ‘depthScalingFactor’ [-Wunused-variable]
   double depthScalingFactor = 0.75;//1.4;//.7;//.025;//.3;//0.1;
          ^
../main.cpp:728:10: warning: unused variable ‘animationDelay’ [-Wunused-variable]
   double animationDelay = 50.0;
          ^
../main.cpp:729:10: warning: unused variable ‘transitionTime’ [-Wunused-variable]
   double transitionTime = 200.0;//400.0;//200.0;
          ^
../main.cpp:736:9: warning: unused variable ‘initTexXUR’ [-Wunused-variable]
   float initTexXUR = initTexXUL+texXIncrement;
         ^
../main.cpp:737:9: warning: unused variable ‘initTexXBL’ [-Wunused-variable]
   float initTexXBL = initTexXBR+texXIncrement;
         ^
../main.cpp:739:9: warning: unused variable ‘initTexYBR2’ [-Wunused-variable]
   float initTexYBR2 = 1.10f;//0.9;//0.64f;//1.0f;//1.10f;0.64f;//
         ^
../main.cpp:740:9: warning: unused variable ‘initTexYUL’ [-Wunused-variable]
   float initTexYUL = initTexYBR-texYIncrement;
         ^
../main.cpp:742:9: warning: unused variable ‘initTexYBL2’ [-Wunused-variable]
   float initTexYBL2 = 1.10f;//0.9f;//0.64f;//1.0f;//1.10f;0.64f;//
         ^
../main.cpp:743:9: warning: unused variable ‘initTexYUR’ [-Wunused-variable]
   float initTexYUR = initTexYBL-texYIncrement;
         ^
Finished building: ../main.cpp
 
Building target: DisplacementMapper
Invoking: Cross G++ Linker
g++ -L/usr/lib/x86_64-linux-gnu -L/usr/local/lib -o "DisplacementMapper"  ./imageloader.o ./main.o   -lGL -lopencv_core -lopencv_imgcodecs -lopencv_imgproc -lopencv_highgui -lGLU -lglut
Finished building target: DisplacementMapper
 

20:41:31 Build Finished (took 820ms)

